# JRE version: OpenJDK Runtime Environment (11.0.10) (build 11.0.10+0-b96-7249189)
# Java VM: OpenJDK 64-Bit Server VM (11.0.10+0-b96-7249189, mixed mode, tiered, compressed oops, g1 gc, windows-amd64)
Heap:
 garbage-first heap   total 531456K, used 187384K [0x0000000080000000, 0x0000000100000000)
  region size 1024K, 15 young (15360K), 15 survivors (15360K)
 Metaspace       used 102348K, capacity 104923K, committed 105164K, reserved 1140736K
  class space    used 13205K, capacity 14226K, committed 14284K, reserved 1048576K
GC Heap History (20 events):
Event: 10.699 GC heap after
{Heap after GC invocations=32 (full 0):
 garbage-first heap   total 312320K, used 162951K [0x0000000080000000, 0x0000000100000000)
  region size 1024K, 6 young (6144K), 6 survivors (6144K)
 Metaspace       used 100542K, capacity 102928K, committed 103372K, reserved 1138688K
  class space    used 12986K, capacity 13872K, committed 14028K, reserved 1048576K
}
Event: 10.951 GC heap before
{Heap before GC invocations=33 (full 0):
 garbage-first heap   total 312320K, used 262279K [0x0000000080000000, 0x0000000100000000)
  region size 1024K, 103 young (105472K), 6 survivors (6144K)
 Metaspace       used 100628K, capacity 103000K, committed 103372K, reserved 1138688K
  class space    used 12986K, capacity 13872K, committed 14028K, reserved 1048576K
}
Event: 10.958 GC heap after
{Heap after GC invocations=34 (full 0):
 garbage-first heap   total 374784K, used 162820K [0x0000000080000000, 0x0000000100000000)
  region size 1024K, 6 young (6144K), 6 survivors (6144K)
 Metaspace       used 100628K, capacity 103000K, committed 103372K, reserved 1138688K
  class space    used 12986K, capacity 13872K, committed 14028K, reserved 1048576K
}
Event: 11.106 GC heap before
{Heap before GC invocations=34 (full 0):
 garbage-first heap   total 374784K, used 297988K [0x0000000080000000, 0x0000000100000000)
  region size 1024K, 138 young (141312K), 6 survivors (6144K)
 Metaspace       used 101117K, capacity 103574K, committed 104012K, reserved 1138688K
  class space    used 13051K, capacity 13977K, committed 14156K, reserved 1048576K
}
Event: 11.112 GC heap after
{Heap after GC invocations=35 (full 0):
 garbage-first heap   total 374784K, used 163669K [0x0000000080000000, 0x0000000100000000)
  region size 1024K, 7 young (7168K), 7 survivors (7168K)
 Metaspace       used 101117K, capacity 103574K, committed 104012K, reserved 1138688K
  class space    used 13051K, capacity 13977K, committed 14156K, reserved 1048576K
}
Event: 11.303 GC heap before
{Heap before GC invocations=35 (full 0):
 garbage-first heap   total 374784K, used 304981K [0x0000000080000000, 0x0000000100000000)
  region size 1024K, 146 young (149504K), 7 survivors (7168K)
 Metaspace       used 101785K, capacity 104235K, committed 104524K, reserved 1140736K
  class space    used 13130K, capacity 14065K, committed 14156K, reserved 1048576K
}
Event: 11.309 GC heap after
{Heap after GC invocations=36 (full 0):
 garbage-first heap   total 374784K, used 164327K [0x0000000080000000, 0x0000000100000000)
  region size 1024K, 7 young (7168K), 7 survivors (7168K)
 Metaspace       used 101785K, capacity 104235K, committed 104524K, reserved 1140736K
  class space    used 13130K, capacity 14065K, committed 14156K, reserved 1048576K
}
Event: 11.485 GC heap before
{Heap before GC invocations=36 (full 0):
 garbage-first heap   total 374784K, used 317927K [0x0000000080000000, 0x0000000100000000)
  region size 1024K, 157 young (160768K), 7 survivors (7168K)
 Metaspace       used 102251K, capacity 104847K, committed 104908K, reserved 1140736K
  class space    used 13200K, capacity 14223K, committed 14284K, reserved 1048576K
}
Event: 11.492 GC heap after
{Heap after GC invocations=37 (full 0):
 garbage-first heap   total 374784K, used 165169K [0x0000000080000000, 0x0000000100000000)
  region size 1024K, 8 young (8192K), 8 survivors (8192K)
 Metaspace       used 102251K, capacity 104847K, committed 104908K, reserved 1140736K
  class space    used 13200K, capacity 14223K, committed 14284K, reserved 1048576K
}
Event: 11.614 GC heap before
{Heap before GC invocations=37 (full 0):
 garbage-first heap   total 374784K, used 313649K [0x0000000080000000, 0x0000000100000000)
  region size 1024K, 154 young (157696K), 8 survivors (8192K)
 Metaspace       used 102266K, capacity 104849K, committed 105164K, reserved 1140736K
  class space    used 13200K, capacity 14223K, committed 14284K, reserved 1048576K
}
Event: 11.625 GC heap after
{Heap after GC invocations=38 (full 0):
 garbage-first heap   total 374784K, used 176273K [0x0000000080000000, 0x0000000100000000)
  region size 1024K, 19 young (19456K), 19 survivors (19456K)
 Metaspace       used 102266K, capacity 104849K, committed 105164K, reserved 1140736K
  class space    used 13200K, capacity 14223K, committed 14284K, reserved 1048576K
}
Event: 11.757 GC heap before
{Heap before GC invocations=38 (full 0):
 garbage-first heap   total 374784K, used 311441K [0x0000000080000000, 0x0000000100000000)
  region size 1024K, 151 young (154624K), 19 survivors (19456K)
 Metaspace       used 102277K, capacity 104914K, committed 105164K, reserved 1140736K
  class space    used 13200K, capacity 14223K, committed 14284K, reserved 1048576K
}
Event: 11.774 GC heap after
{Heap after GC invocations=39 (full 0):
 garbage-first heap   total 444416K, used 179815K [0x0000000080000000, 0x0000000100000000)
  region size 1024K, 7 young (7168K), 7 survivors (7168K)
 Metaspace       used 102277K, capacity 104914K, committed 105164K, reserved 1140736K
  class space    used 13200K, capacity 14223K, committed 14284K, reserved 1048576K
}
Event: 11.959 GC heap before
{Heap before GC invocations=39 (full 0):
 garbage-first heap   total 444416K, used 368231K [0x0000000080000000, 0x0000000100000000)
  region size 1024K, 192 young (196608K), 7 survivors (7168K)
 Metaspace       used 102322K, capacity 104917K, committed 105164K, reserved 1140736K
  class space    used 13204K, capacity 14224K, committed 14284K, reserved 1048576K
}
Event: 11.967 GC heap after
{Heap after GC invocations=40 (full 0):
 garbage-first heap   total 444416K, used 184719K [0x0000000080000000, 0x0000000100000000)
  region size 1024K, 12 young (12288K), 12 survivors (12288K)
 Metaspace       used 102322K, capacity 104917K, committed 105164K, reserved 1140736K
  class space    used 13204K, capacity 14224K, committed 14284K, reserved 1048576K
}
Event: 12.114 GC heap before
{Heap before GC invocations=40 (full 0):
 garbage-first heap   total 444416K, used 372111K [0x0000000080000000, 0x0000000100000000)
  region size 1024K, 195 young (199680K), 12 survivors (12288K)
 Metaspace       used 102330K, capacity 104919K, committed 105164K, reserved 1140736K
  class space    used 13205K, capacity 14225K, committed 14284K, reserved 1048576K
}
Event: 12.121 GC heap after
{Heap after GC invocations=41 (full 0):
 garbage-first heap   total 444416K, used 185286K [0x0000000080000000, 0x0000000100000000)
  region size 1024K, 13 young (13312K), 13 survivors (13312K)
 Metaspace       used 102330K, capacity 104919K, committed 105164K, reserved 1140736K
  class space    used 13205K, capacity 14225K, committed 14284K, reserved 1048576K
}
Event: 12.278 GC heap before
{Heap before GC invocations=41 (full 0):
 garbage-first heap   total 444416K, used 374726K [0x0000000080000000, 0x0000000100000000)
  region size 1024K, 198 young (202752K), 13 survivors (13312K)
 Metaspace       used 102337K, capacity 104923K, committed 105164K, reserved 1140736K
  class space    used 13205K, capacity 14226K, committed 14284K, reserved 1048576K
}
Event: 12.286 GC heap after
{Heap after GC invocations=42 (full 0):
 garbage-first heap   total 444416K, used 185703K [0x0000000080000000, 0x0000000100000000)
  region size 1024K, 13 young (13312K), 13 survivors (13312K)
 Metaspace       used 102337K, capacity 104923K, committed 105164K, reserved 1140736K
  class space    used 13205K, capacity 14226K, committed 14284K, reserved 1048576K
}
Event: 12.442 GC heap before
{Heap before GC invocations=42 (full 0):
 garbage-first heap   total 444416K, used 378215K [0x0000000080000000, 0x0000000100000000)
  region size 1024K, 201 young (205824K), 13 survivors (13312K)
 Metaspace       used 102348K, capacity 104923K, committed 105164K, reserved 1140736K
  class space    used 13205K, capacity 14226K, committed 14284K, reserved 1048576K
}

