# JRE version: OpenJDK Runtime Environment (11.0.10) (build 11.0.10+0-b96-7249189)
# Java VM: OpenJDK 64-Bit Server VM (11.0.10+0-b96-7249189, mixed mode, tiered, compressed oops, g1 gc, windows-amd64)
Heap:
 garbage-first heap   total 522240K, used 207108K [0x0000000080000000, 0x0000000100000000)
  region size 1024K, 14 young (14336K), 14 survivors (14336K)
 Metaspace       used 130482K, capacity 133656K, committed 133820K, reserved 1165312K
  class space    used 16328K, capacity 17571K, committed 17628K, reserved 1048576K
GC Heap History (20 events):
Event: 3552.894 GC heap after
{Heap after GC invocations=67 (full 0):
 garbage-first heap   total 387072K, used 188099K [0x0000000080000000, 0x0000000100000000)
  region size 1024K, 3 young (3072K), 3 survivors (3072K)
 Metaspace       used 129332K, capacity 132422K, committed 132668K, reserved 1165312K
  class space    used 16218K, capacity 17424K, committed 17500K, reserved 1048576K
}
Event: 3553.060 GC heap before
{Heap before GC invocations=67 (full 0):
 garbage-first heap   total 387072K, used 313027K [0x0000000080000000, 0x0000000100000000)
  region size 1024K, 125 young (128000K), 3 survivors (3072K)
 Metaspace       used 129400K, capacity 132492K, committed 132668K, reserved 1165312K
  class space    used 16218K, capacity 17424K, committed 17500K, reserved 1048576K
}
Event: 3553.064 GC heap after
{Heap after GC invocations=68 (full 0):
 garbage-first heap   total 387072K, used 189643K [0x0000000080000000, 0x0000000100000000)
  region size 1024K, 5 young (5120K), 5 survivors (5120K)
 Metaspace       used 129400K, capacity 132492K, committed 132668K, reserved 1165312K
  class space    used 16218K, capacity 17424K, committed 17500K, reserved 1048576K
}
Event: 3553.222 GC heap before
{Heap before GC invocations=68 (full 0):
 garbage-first heap   total 387072K, used 317643K [0x0000000080000000, 0x0000000100000000)
  region size 1024K, 130 young (133120K), 5 survivors (5120K)
 Metaspace       used 129517K, capacity 132640K, committed 132924K, reserved 1165312K
  class space    used 16220K, capacity 17426K, committed 17500K, reserved 1048576K
}
Event: 3553.226 GC heap after
{Heap after GC invocations=69 (full 0):
 garbage-first heap   total 387072K, used 189883K [0x0000000080000000, 0x0000000100000000)
  region size 1024K, 5 young (5120K), 5 survivors (5120K)
 Metaspace       used 129517K, capacity 132640K, committed 132924K, reserved 1165312K
  class space    used 16220K, capacity 17426K, committed 17500K, reserved 1048576K
}
Event: 3553.406 GC heap before
{Heap before GC invocations=69 (full 0):
 garbage-first heap   total 387072K, used 320955K [0x0000000080000000, 0x0000000100000000)
  region size 1024K, 133 young (136192K), 5 survivors (5120K)
 Metaspace       used 129559K, capacity 132644K, committed 132924K, reserved 1165312K
  class space    used 16220K, capacity 17426K, committed 17500K, reserved 1048576K
}
Event: 3553.411 GC heap after
{Heap after GC invocations=70 (full 0):
 garbage-first heap   total 387072K, used 190212K [0x0000000080000000, 0x0000000100000000)
  region size 1024K, 5 young (5120K), 5 survivors (5120K)
 Metaspace       used 129559K, capacity 132644K, committed 132924K, reserved 1165312K
  class space    used 16220K, capacity 17426K, committed 17500K, reserved 1048576K
}
Event: 3553.625 GC heap before
{Heap before GC invocations=70 (full 0):
 garbage-first heap   total 387072K, used 324356K [0x0000000080000000, 0x0000000100000000)
  region size 1024K, 136 young (139264K), 5 survivors (5120K)
 Metaspace       used 129858K, capacity 132980K, committed 133180K, reserved 1165312K
  class space    used 16261K, capacity 17472K, committed 17500K, reserved 1048576K
}
Event: 3553.632 GC heap after
{Heap after GC invocations=71 (full 0):
 garbage-first heap   total 387072K, used 191164K [0x0000000080000000, 0x0000000100000000)
  region size 1024K, 6 young (6144K), 6 survivors (6144K)
 Metaspace       used 129858K, capacity 132980K, committed 133180K, reserved 1165312K
  class space    used 16261K, capacity 17472K, committed 17500K, reserved 1048576K
}
Event: 3553.787 GC heap before
{Heap before GC invocations=71 (full 0):
 garbage-first heap   total 387072K, used 327356K [0x0000000080000000, 0x0000000100000000)
  region size 1024K, 139 young (142336K), 6 survivors (6144K)
 Metaspace       used 130252K, capacity 133463K, committed 133564K, reserved 1165312K
  class space    used 16318K, capacity 17558K, committed 17628K, reserved 1048576K
}
Event: 3553.793 GC heap after
{Heap after GC invocations=72 (full 0):
 garbage-first heap   total 387072K, used 193831K [0x0000000080000000, 0x0000000100000000)
  region size 1024K, 9 young (9216K), 9 survivors (9216K)
 Metaspace       used 130252K, capacity 133463K, committed 133564K, reserved 1165312K
  class space    used 16318K, capacity 17558K, committed 17628K, reserved 1048576K
}
Event: 3553.938 GC heap before
{Heap before GC invocations=72 (full 0):
 garbage-first heap   total 387072K, used 327975K [0x0000000080000000, 0x0000000100000000)
  region size 1024K, 140 young (143360K), 9 survivors (9216K)
 Metaspace       used 130297K, capacity 133471K, committed 133564K, reserved 1165312K
  class space    used 16319K, capacity 17559K, committed 17628K, reserved 1048576K
}
Event: 3553.945 GC heap after
{Heap after GC invocations=73 (full 0):
 garbage-first heap   total 455680K, used 192946K [0x0000000080000000, 0x0000000100000000)
  region size 1024K, 8 young (8192K), 8 survivors (8192K)
 Metaspace       used 130297K, capacity 133471K, committed 133564K, reserved 1165312K
  class space    used 16319K, capacity 17559K, committed 17628K, reserved 1048576K
}
Event: 3554.140 GC heap before
{Heap before GC invocations=73 (full 0):
 garbage-first heap   total 455680K, used 372146K [0x0000000080000000, 0x0000000100000000)
  region size 1024K, 183 young (187392K), 8 survivors (8192K)
 Metaspace       used 130325K, capacity 133543K, committed 133820K, reserved 1165312K
  class space    used 16320K, capacity 17562K, committed 17628K, reserved 1048576K
}
Event: 3554.148 GC heap after
{Heap after GC invocations=74 (full 0):
 garbage-first heap   total 455680K, used 195774K [0x0000000080000000, 0x0000000100000000)
  region size 1024K, 11 young (11264K), 11 survivors (11264K)
 Metaspace       used 130325K, capacity 133543K, committed 133820K, reserved 1165312K
  class space    used 16320K, capacity 17562K, committed 17628K, reserved 1048576K
}
Event: 3554.383 GC heap before
{Heap before GC invocations=74 (full 0):
 garbage-first heap   total 455680K, used 379070K [0x0000000080000000, 0x0000000100000000)
  region size 1024K, 190 young (194560K), 11 survivors (11264K)
 Metaspace       used 130433K, capacity 133647K, committed 133820K, reserved 1165312K
  class space    used 16324K, capacity 17569K, committed 17628K, reserved 1048576K
}
Event: 3554.392 GC heap after
{Heap after GC invocations=75 (full 0):
 garbage-first heap   total 455680K, used 195437K [0x0000000080000000, 0x0000000100000000)
  region size 1024K, 10 young (10240K), 10 survivors (10240K)
 Metaspace       used 130433K, capacity 133647K, committed 133820K, reserved 1165312K
  class space    used 16324K, capacity 17569K, committed 17628K, reserved 1048576K
}
Event: 3554.562 GC heap before
{Heap before GC invocations=75 (full 0):
 garbage-first heap   total 455680K, used 388973K [0x0000000080000000, 0x0000000100000000)
  region size 1024K, 199 young (203776K), 10 survivors (10240K)
 Metaspace       used 130455K, capacity 133653K, committed 133820K, reserved 1165312K
  class space    used 16325K, capacity 17570K, committed 17628K, reserved 1048576K
}
Event: 3554.575 GC heap after
{Heap after GC invocations=76 (full 0):
 garbage-first heap   total 455680K, used 205672K [0x0000000080000000, 0x0000000100000000)
  region size 1024K, 20 young (20480K), 20 survivors (20480K)
 Metaspace       used 130455K, capacity 133653K, committed 133820K, reserved 1165312K
  class space    used 16325K, capacity 17570K, committed 17628K, reserved 1048576K
}
Event: 3554.758 GC heap before
{Heap before GC invocations=76 (full 0):
 garbage-first heap   total 455680K, used 384872K [0x0000000080000000, 0x0000000100000000)
  region size 1024K, 195 young (199680K), 20 survivors (20480K)
 Metaspace       used 130482K, capacity 133656K, committed 133820K, reserved 1165312K
  class space    used 16328K, capacity 17571K, committed 17628K, reserved 1048576K
}

